<?xml version="1.0" encoding="UTF-8"?>
<!-- Generated by org.testng.reporters.JUnitReportReporter -->
<testsuite hostname="LIN-79982J3" failures="0" tests="1" name="stepDefinations.ExcelDataProvider" time="9.070" errors="0" timestamp="2024-04-02T12:25:53 IST" skipped="0">
  <testcase classname="stepDefinations.ExcelDataProvider" name="Program" time="9.070"/>
</testsuite> <!-- stepDefinations.ExcelDataProvider -->
