<?xml version="1.0" encoding="UTF-8"?>
<!-- Generated by org.testng.reporters.JUnitReportReporter -->
<testsuite hostname="LIN-79982J3" failures="0" tests="5" name="runner.loginPage" time="0.123" errors="0" timestamp="2024-04-02T13:57:59 IST" skipped="0">
  <testcase classname="runner.loginPage" name="runScenario" time="0.103"/>
  <testcase classname="runner.loginPage" name="runScenario" time="0.004"/>
  <testcase classname="runner.loginPage" name="runScenario" time="0.005"/>
  <testcase classname="runner.loginPage" name="runScenario" time="0.005"/>
  <testcase classname="runner.loginPage" name="runScenario" time="0.006"/>
</testsuite> <!-- runner.loginPage -->
